C:\USERS\LORDOFKEY\DOCUMENTS\VISUAL STUDIO 2012\PROJECTS\FACE\FACE\DEBUG\TTC.OBJ
C:\USERS\LORDOFKEY\DOCUMENTS\VISUAL STUDIO 2012\PROJECTS\FACE\FACE\DEBUG\VC110.PDB
C:\USERS\LORDOFKEY\DOCUMENTS\VISUAL STUDIO 2012\PROJECTS\FACE\DEBUG\FACE.ILK
C:\USERS\LORDOFKEY\DOCUMENTS\VISUAL STUDIO 2012\PROJECTS\FACE\DEBUG\FACE.EXE
C:\USERS\LORDOFKEY\DOCUMENTS\VISUAL STUDIO 2012\PROJECTS\FACE\DEBUG\FACE.PDB
C:\Users\lordofkey\documents\visual studio 2012\Projects\face\face\Debug\ttc.obj
C:\Users\lordofkey\documents\visual studio 2012\Projects\face\face\Debug\cl.command.1.tlog
C:\Users\lordofkey\documents\visual studio 2012\Projects\face\face\Debug\CL.read.1.tlog
C:\Users\lordofkey\documents\visual studio 2012\Projects\face\face\Debug\CL.write.1.tlog
C:\Users\lordofkey\documents\visual studio 2012\Projects\face\face\Debug\link-cvtres.read.1.tlog
C:\Users\lordofkey\documents\visual studio 2012\Projects\face\face\Debug\link-cvtres.write.1.tlog
C:\Users\lordofkey\documents\visual studio 2012\Projects\face\face\Debug\link-rc.read.1.tlog
C:\Users\lordofkey\documents\visual studio 2012\Projects\face\face\Debug\link-rc.write.1.tlog
C:\Users\lordofkey\documents\visual studio 2012\Projects\face\face\Debug\link.command.1.tlog
C:\Users\lordofkey\documents\visual studio 2012\Projects\face\face\Debug\link.read.1.tlog
C:\Users\lordofkey\documents\visual studio 2012\Projects\face\face\Debug\link.write.1.tlog
C:\Users\lordofkey\documents\visual studio 2012\Projects\face\face\Debug\vc110.idb
C:\Users\lordofkey\documents\visual studio 2012\Projects\face\face\Debug\vc110.pdb
C:\Users\lordofkey\documents\visual studio 2012\Projects\face\Debug\face.pdb
C:\Users\lordofkey\documents\visual studio 2012\Projects\face\Debug\face.exe
C:\Users\lordofkey\documents\visual studio 2012\Projects\face\Debug\face.ilk
